============================= test session starts =============================
platform win32 -- Python 3.13.2, pytest-8.4.2, pluggy-1.6.0 -- C:\Python313\python.exe
cachedir: .pytest_cache
rootdir: D:\claudecode
plugins: anyio-4.11.0, langsmith-0.4.45, asyncio-0.25.0, cov-7.0.0
asyncio: mode=Mode.STRICT, asyncio_default_fixture_loop_scope=None
collecting ... collected 12 items

tests/unit/test_skill_discovery.py::TestSkillMetadata::test_load_all_skills_returns_dict PASSED [  8%]
tests/unit/test_skill_discovery.py::TestSkillMetadata::test_load_all_skills_non_empty PASSED [ 16%]
tests/unit/test_skill_discovery.py::TestSkillMetadata::test_skill_metadata_structure PASSED [ 25%]
tests/unit/test_skill_discovery.py::TestSkillIndex::test_skill_index_creation PASSED [ 33%]
tests/unit/test_skill_discovery.py::TestSkillIndex::test_skill_index_has_statistics PASSED [ 41%]
tests/unit/test_skill_router.py::TestSkillRouter::test_router_creation PASSED [ 50%]
tests/unit/test_skill_router.py::TestSkillRouter::test_route_returns_result PASSED [ 58%]
tests/unit/test_skill_router.py::TestSkillRouter::test_route_with_different_queries PASSED [ 66%]
tests/unit/test_skill_router.py::TestSkillRouter::test_route_confidence_range PASSED [ 75%]
tests/integration/test_skill_integration.py::TestSkillDiscoveryIntegration::test_metadata_to_index_integration PASSED [ 83%]
tests/integration/test_skill_integration.py::TestSkillDiscoveryIntegration::test_index_to_router_integration PASSED [ 91%]
tests/integration/test_skill_integration.py::TestSkillDiscoveryIntegration::test_full_pipeline_integration PASSED [100%]

============================= 12 passed in 0.63s ==============================
